2025-06-17 17:26:57,249 - pyswarms.single.global_best - INFO - Optimize for 30 iters with {'c1': 0.5, 'c2': 0.9, 'w': 0.7}
2025-06-17 17:27:25,447 - pyswarms.single.global_best - INFO - Optimization finished | best cost: -63.0, best pos: [32.18872092 33.93222476 25.25259158 48.44334461 26.7923142   4.19212651
 13.60641911  2.54177683 28.71571146 28.27452741 26.3274804  36.3493727
  2.42310579 36.737796   12.92612589  3.68694274  3.24066371 19.87366828]
2025-06-17 17:27:58,900 - pyswarms.single.global_best - INFO - Optimize for 30 iters with {'c1': 0.5, 'c2': 0.9, 'w': 0.7}
2025-06-17 17:28:22,451 - pyswarms.single.global_best - INFO - Optimization finished | best cost: -74.0, best pos: [26.34707627 26.8506666  10.41247243 43.67404097 26.17156679  7.34444509
  8.60678988  3.08326392 23.4937018  21.05401772 15.26676654 10.57596812
  3.59333369 38.10647666 30.972508   39.28488545  2.68673122 46.35517906]
2025-06-17 21:47:07,615 - pyswarms.single.global_best - INFO - Optimize for 30 iters with {'c1': 0.5, 'c2': 0.9, 'w': 0.7}
2025-06-17 21:47:30,632 - pyswarms.single.global_best - INFO - Optimization finished | best cost: -77.0, best pos: [38.2385214  38.15826266 19.42403882 15.30744438 28.92535274 30.83657793
 25.5383455   2.28925373 44.58042307 47.50721826  9.27859968 25.33351216
  3.99618151 40.34701218 14.90711874  1.1549487   2.54926436 11.47651301]
2025-06-17 21:58:33,458 - pyswarms.single.global_best - INFO - Optimize for 30 iters with {'c1': 0.5, 'c2': 0.9, 'w': 0.7}
2025-06-17 21:59:15,794 - pyswarms.single.global_best - INFO - Optimization finished | best cost: -57.0, best pos: [26.35781946 30.69646421 20.31848944 18.58564144 17.73421247  1.81968099
  5.30368188  1.37957579 36.49687935 10.62318401  7.8981673  16.25401335
  3.33525474 39.0196697  13.3123651  33.65437261  2.42761802 37.07629481]
2025-06-17 22:28:26,442 - pyswarms.single.global_best - INFO - Optimize for 30 iters with {'c1': 0.5, 'c2': 0.9, 'w': 0.7}
2025-06-17 22:28:49,103 - pyswarms.single.global_best - INFO - Optimization finished | best cost: -57.0, best pos: [44.50118584 16.45475805  5.64588116 31.63920689 28.90092441  7.27384534
 29.78499573  4.3066917  39.46535114 17.25030597 12.25755249  1.00691513
  2.88425259 41.58533215 37.08057374 21.0302659   3.75570961 27.93567782]
2025-06-17 22:32:35,949 - pyswarms.single.global_best - INFO - Optimize for 1000 iters with {'c1': 0.5, 'c2': 0.9, 'w': 0.7}
2025-06-17 22:49:30,641 - pyswarms.single.global_best - INFO - Optimization finished | best cost: -69.0, best pos: [41.45130769 43.41657044 18.25774261 11.64595065 47.33216743 11.82191459
 24.16879481  4.67264948 35.5731454  31.01383372 22.18839081 41.60163039
  3.60490949 45.03958186 25.10407972  1.49622403  2.52321414  6.43894832]
2025-06-17 22:50:45,924 - pyswarms.single.global_best - INFO - Optimize for 100 iters with {'c1': 2.05, 'c2': 2.05, 'w': 0.729}
2025-06-17 22:53:12,844 - pyswarms.single.global_best - INFO - Optimization finished | best cost: -105.0, best pos: [43.73755614 21.65162869 37.9799771  47.5117765  31.1234011   1.33073862
 20.41454979  2.16576092 12.79398427 44.87748283 24.13697997  4.82661597
  3.00393973 37.35295    30.07688293 11.53935412  1.41141908 49.39210385]
2025-06-18 09:55:09,264 - pyswarms.single.global_best - INFO - Optimize for 1000 iters with {'c1': 2.05, 'c2': 2.05, 'w': 0.729}
2025-06-18 10:19:12,509 - pyswarms.single.global_best - INFO - Optimization finished | best cost: -141.0, best pos: [ 6.9682146  26.3183786  34.23799461 31.7296024  36.27361114  1.2802552
  4.50034396  1.20285739 31.22613673 18.6295957  11.65409662 20.33486044
  1.61026914 44.33517016 26.77938866  1.43954084  1.97054496 49.55117136]
2025-06-18 10:25:41,143 - pyswarms.single.global_best - INFO - Optimize for 1000 iters with {'c1': 0.3, 'c2': 0.9, 'w': 0.9}
2025-06-18 10:51:52,998 - pyswarms.single.global_best - INFO - Optimization finished | best cost: -153.0, best pos: [25.87919469 29.16814376 25.42039882 20.46785446 10.56486129  1.2137117
  8.6441498   2.97886979 28.34685377 27.84828835 17.67490161 12.21227818
  3.10816461 41.93191332 30.48923338  3.81883723  3.12347665 27.70510574]
